[2025-10-17T09:10:02.733+0000] {local_task_job_runner.py:120} INFO - ::group::Pre task execution logs
[2025-10-17T09:10:02.750+0000] {taskinstance.py:2076} INFO - Dependencies all met for dep_context=non-requeueable deps ti=<TaskInstance: dag3.task_randomNum manual__2025-10-17T09:09:55.839041+00:00 [queued]>
[2025-10-17T09:10:02.757+0000] {taskinstance.py:2076} INFO - Dependencies all met for dep_context=requeueable deps ti=<TaskInstance: dag3.task_randomNum manual__2025-10-17T09:09:55.839041+00:00 [queued]>
[2025-10-17T09:10:02.757+0000] {taskinstance.py:2306} INFO - Starting attempt 1 of 1
[2025-10-17T09:10:03.010+0000] {taskinstance.py:2330} INFO - Executing <Task(PythonOperator): task_randomNum> on 2025-10-17 09:09:55.839041+00:00
[2025-10-17T09:10:03.020+0000] {warnings.py:112} WARNING - /home/***/.local/lib/python3.12/site-packages/***/task/task_runner/standard_task_runner.py:61: DeprecationWarning: This process (pid=401) is multi-threaded, use of fork() may lead to deadlocks in the child.
  pid = os.fork()

[2025-10-17T09:10:03.022+0000] {standard_task_runner.py:63} INFO - Started process 406 to run task
[2025-10-17T09:10:03.022+0000] {standard_task_runner.py:90} INFO - Running: ['***', 'tasks', 'run', 'dag3', 'task_randomNum', 'manual__2025-10-17T09:09:55.839041+00:00', '--job-id', '291', '--raw', '--subdir', 'DAGS_FOLDER/dag3.py', '--cfg-path', '/tmp/tmp3p6vrtyt']
[2025-10-17T09:10:03.025+0000] {standard_task_runner.py:91} INFO - Job 291: Subtask task_randomNum
[2025-10-17T09:10:03.039+0000] {warnings.py:112} WARNING - /home/***/.local/lib/python3.12/site-packages/***/settings.py:195: DeprecationWarning: The sql_alchemy_conn option in [core] has been moved to the sql_alchemy_conn option in [database] - the old setting has been used, but please update your config.
  SQL_ALCHEMY_CONN = conf.get("database", "SQL_ALCHEMY_CONN")

[2025-10-17T09:10:03.089+0000] {task_command.py:426} INFO - Running <TaskInstance: dag3.task_randomNum manual__2025-10-17T09:09:55.839041+00:00 [running]> on host 5b9dfa83b040
[2025-10-17T09:10:03.799+0000] {taskinstance.py:2648} INFO - Exporting env vars: AIRFLOW_CTX_DAG_OWNER='***' AIRFLOW_CTX_DAG_ID='dag3' AIRFLOW_CTX_TASK_ID='task_randomNum' AIRFLOW_CTX_EXECUTION_DATE='2025-10-17T09:09:55.839041+00:00' AIRFLOW_CTX_TRY_NUMBER='1' AIRFLOW_CTX_DAG_RUN_ID='manual__2025-10-17T09:09:55.839041+00:00'
[2025-10-17T09:10:03.801+0000] {taskinstance.py:430} INFO - ::endgroup::
[2025-10-17T09:10:03.808+0000] {python.py:237} INFO - Done. Returned value was: None
[2025-10-17T09:10:03.809+0000] {taskinstance.py:441} INFO - ::group::Post task execution logs
[2025-10-17T09:10:03.817+0000] {taskinstance.py:1206} INFO - Marking task as SUCCESS. dag_id=dag3, task_id=task_randomNum, run_id=manual__2025-10-17T09:09:55.839041+00:00, execution_date=20251017T090955, start_date=20251017T091002, end_date=20251017T091003
[2025-10-17T09:10:03.839+0000] {local_task_job_runner.py:240} INFO - Task exited with return code 0
[2025-10-17T09:10:03.848+0000] {local_task_job_runner.py:222} INFO - ::endgroup::
